Backend error message during job submission
-------------------------------------------
org.apache.pig.backend.executionengine.ExecException: ERROR 2118: Input path does not exist: file:/Users/pudi/hdpsoftware/cloudack-pig/examples/ch2/data/NYSE_dividends
	at org.apache.pig.backend.hadoop.executionengine.mapReduceLayer.PigInputFormat.getSplits(PigInputFormat.java:280)
	at org.apache.hadoop.mapred.JobClient.writeNewSplits(JobClient.java:950)
	at org.apache.hadoop.mapred.JobClient.writeSplits(JobClient.java:967)
	at org.apache.hadoop.mapred.JobClient.access$500(JobClient.java:170)
	at org.apache.hadoop.mapred.JobClient$2.run(JobClient.java:880)
	at org.apache.hadoop.mapred.JobClient$2.run(JobClient.java:833)
	at java.security.AccessController.doPrivileged(Native Method)
	at javax.security.auth.Subject.doAs(Subject.java:394)
	at org.apache.hadoop.security.UserGroupInformation.doAs(UserGroupInformation.java:1177)
	at org.apache.hadoop.mapred.JobClient.submitJobInternal(JobClient.java:833)
	at org.apache.hadoop.mapred.JobClient.submitJob(JobClient.java:807)
	at org.apache.hadoop.mapred.jobcontrol.Job.submit(Job.java:378)
	at org.apache.hadoop.mapred.jobcontrol.JobControl.startReadyJobs(JobControl.java:247)
	at org.apache.hadoop.mapred.jobcontrol.JobControl.run(JobControl.java:279)
	at java.lang.Thread.run(Thread.java:695)
Caused by: org.apache.hadoop.mapreduce.lib.input.InvalidInputException: Input path does not exist: file:/Users/pudi/hdpsoftware/cloudack-pig/examples/ch2/data/NYSE_dividends
	at org.apache.hadoop.mapreduce.lib.input.FileInputFormat.listStatus(FileInputFormat.java:231)
	at org.apache.pig.backend.hadoop.executionengine.mapReduceLayer.PigTextInputFormat.listStatus(PigTextInputFormat.java:36)
	at org.apache.hadoop.mapreduce.lib.input.FileInputFormat.getSplits(FileInputFormat.java:248)
	at org.apache.pig.backend.hadoop.executionengine.mapReduceLayer.PigInputFormat.getSplits(PigInputFormat.java:268)
	... 14 more

Pig Stack Trace
---------------
ERROR 2244: Job failed, hadoop does not return any error message

org.apache.pig.backend.executionengine.ExecException: ERROR 2244: Job failed, hadoop does not return any error message
	at org.apache.pig.tools.grunt.GruntParser.executeBatch(GruntParser.java:119)
	at org.apache.pig.tools.grunt.GruntParser.parseStopOnError(GruntParser.java:172)
	at org.apache.pig.tools.grunt.GruntParser.parseStopOnError(GruntParser.java:144)
	at org.apache.pig.tools.grunt.Grunt.exec(Grunt.java:90)
	at org.apache.pig.Main.run(Main.java:500)
	at org.apache.pig.Main.main(Main.java:107)
================================================================================
